\BOOKMARK [1][-]{section.1}{Introduction}{}% 1
\BOOKMARK [2][-]{subsection.1.1}{How to Read this Specification}{section.1}% 2
\BOOKMARK [1][-]{section.2}{Paradigm}{}% 3
\BOOKMARK [1][-]{section.3}{Lexing}{}% 4
\BOOKMARK [2][-]{subsection.3.1}{Input Files}{section.3}% 5
\BOOKMARK [3][-]{subsubsection.3.1.1}{Extension}{subsection.3.1}% 6
\BOOKMARK [3][-]{subsubsection.3.1.2}{Encoding}{subsection.3.1}% 7
\BOOKMARK [2][-]{subsection.3.2}{Comments}{section.3}% 8
\BOOKMARK [2][-]{subsection.3.3}{Whitespace}{section.3}% 9
\BOOKMARK [2][-]{subsection.3.4}{Tokens}{section.3}% 10
\BOOKMARK [3][-]{subsubsection.3.4.1}{Data Types}{subsection.3.4}% 11
\BOOKMARK [3][-]{subsubsection.3.4.2}{Binary Numbers}{subsection.3.4}% 12
\BOOKMARK [3][-]{subsubsection.3.4.3}{Integral Numbers}{subsection.3.4}% 13
\BOOKMARK [3][-]{subsubsection.3.4.4}{Floating-point Numbers}{subsection.3.4}% 14
\BOOKMARK [3][-]{subsubsection.3.4.5}{Hexadecimal Numbers}{subsection.3.4}% 15
\BOOKMARK [3][-]{subsubsection.3.4.6}{Characters}{subsection.3.4}% 16
\BOOKMARK [3][-]{subsubsection.3.4.7}{Strings}{subsection.3.4}% 17
\BOOKMARK [3][-]{subsubsection.3.4.8}{Hex Strings}{subsection.3.4}% 18
\BOOKMARK [3][-]{subsubsection.3.4.9}{Special Tokens}{subsection.3.4}% 19
\BOOKMARK [1][-]{section.4}{Parsing}{}% 20
\BOOKMARK [2][-]{subsection.4.1}{Inline Assembly}{section.4}% 21
\BOOKMARK [2][-]{subsection.4.2}{Complex Values}{section.4}% 22
\BOOKMARK [2][-]{subsection.4.3}{Operations}{section.4}% 23
\BOOKMARK [3][-]{subsubsection.4.3.1}{Parenthesis}{subsection.4.3}% 24
\BOOKMARK [3][-]{subsubsection.4.3.2}{Precedence}{subsection.4.3}% 25
\BOOKMARK [2][-]{subsection.4.4}{Expressions}{section.4}% 26
\BOOKMARK [2][-]{subsection.4.5}{Any}{section.4}% 27
\BOOKMARK [1][-]{section.5}{Special Expressions and Classes}{}% 28
\BOOKMARK [2][-]{subsection.5.1}{Casts}{section.5}% 29
\BOOKMARK [3][-]{subsubsection.5.1.1}{Casting between Internal Data Types}{subsection.5.1}% 30
\BOOKMARK [2][-]{subsection.5.2}{Returns}{section.5}% 31
\BOOKMARK [2][-]{subsection.5.3}{If-Statements}{section.5}% 32
\BOOKMARK [2][-]{subsection.5.4}{Else-If-Statements}{section.5}% 33
\BOOKMARK [2][-]{subsection.5.5}{Else-Statements}{section.5}% 34
\BOOKMARK [2][-]{subsection.5.6}{While Loops}{section.5}% 35
\BOOKMARK [2][-]{subsection.5.7}{For Loops}{section.5}% 36
\BOOKMARK [2][-]{subsection.5.8}{For-Each Loops}{section.5}% 37
\BOOKMARK [2][-]{subsection.5.9}{Simple Variable Declarations}{section.5}% 38
\BOOKMARK [2][-]{subsection.5.10}{Complex Variable Declarations}{section.5}% 39
\BOOKMARK [2][-]{subsection.5.11}{Method Declarations}{section.5}% 40
\BOOKMARK [2][-]{subsection.5.12}{Method Calls}{section.5}% 41
\BOOKMARK [2][-]{subsection.5.13}{Variadic}{section.5}% 42
\BOOKMARK [2][-]{subsection.5.14}{Class Declarations}{section.5}% 43
\BOOKMARK [2][-]{subsection.5.15}{Address and Deference}{section.5}% 44
\BOOKMARK [2][-]{subsection.5.16}{Try/Catch/Throw Statements}{section.5}% 45
\BOOKMARK [2][-]{subsection.5.17}{Imports}{section.5}% 46
\BOOKMARK [2][-]{subsection.5.18}{Compatibility}{section.5}% 47
\BOOKMARK [1][-]{section.6}{Data Model}{}% 48
\BOOKMARK [2][-]{subsection.6.1}{Serialization}{section.6}% 49
\BOOKMARK [2][-]{subsection.6.2}{Object Lifetimes}{section.6}% 50
\BOOKMARK [2][-]{subsection.6.3}{Atomic Classes}{section.6}% 51
\BOOKMARK [2][-]{subsection.6.4}{Zygote}{section.6}% 52
\BOOKMARK [2][-]{subsection.6.5}{Exception}{section.6}% 53
\BOOKMARK [2][-]{subsection.6.6}{String}{section.6}% 54
\BOOKMARK [2][-]{subsection.6.7}{Vector}{section.6}% 55
\BOOKMARK [2][-]{subsection.6.8}{Map}{section.6}% 56
\BOOKMARK [2][-]{subsection.6.9}{Method Reference}{section.6}% 57
\BOOKMARK [2][-]{subsection.6.10}{Internal Methods}{section.6}% 58
